c:\users\young\desktop\source\halcon_extension\halcon_softwarepackage\build\halcon_softwarepackage.dir\debug\vc143.pdb
c:\users\young\desktop\source\halcon_extension\halcon_softwarepackage\build\halcon_softwarepackage.dir\debug\halcon_softwarepackage.obj
c:\users\young\desktop\source\halcon_extension\halcon_softwarepackage\build\halcon_softwarepackage.dir\debug\hhalcon_softwarepackage.obj
c:\users\young\desktop\source\halcon_extension\halcon_softwarepackage\build\halcon_softwarepackage.dir\debug\halcon_sqlite.obj
c:\users\young\desktop\source\halcon_extension\halcon_softwarepackage\build\halcon_softwarepackage.dir\debug\halcon_modbus.obj
c:\users\young\desktop\source\halcon_extension\halcon_softwarepackage\build\halcon_softwarepackage.dir\debug\shell.obj
c:\users\young\desktop\source\halcon_extension\halcon_softwarepackage\build\halcon_softwarepackage.dir\debug\sqlite3.obj
c:\users\young\desktop\source\halcon_extension\halcon_softwarepackage\build\hhalcon_softwarepackage.c
c:\users\young\desktop\source\halcon_extension\halcon_softwarepackage\build\cmakefiles\generate.stamp
c:\users\young\desktop\source\halcon_extension\halcon_softwarepackage\bin\halcon_softwarepackage.lib
c:\users\young\desktop\source\halcon_extension\halcon_softwarepackage\bin\halcon_softwarepackage.exp
c:\users\young\desktop\source\halcon_extension\halcon_softwarepackage\build\halcon_softwarepackage.dir\debug\halcon_softwarepackage.ilk
c:\users\young\desktop\source\halcon_extension\halcon_softwarepackage\build\halcon_softwarepackage.dir\debug\halcon_xgui.obj
c:\users\young\desktop\source\halcon_extension\halcon_softwarepackage\bin\halcon_softwarepackage.pdb
c:\users\young\desktop\source\halcon_extension\halcon_softwarepackage\build\halcon_softwarepackage.dir\debug\halcon_s.cf7ceb5e.tlog\cl.command.1.tlog
c:\users\young\desktop\source\halcon_extension\halcon_softwarepackage\build\halcon_softwarepackage.dir\debug\halcon_s.cf7ceb5e.tlog\cl.items.tlog
c:\users\young\desktop\source\halcon_extension\halcon_softwarepackage\build\halcon_softwarepackage.dir\debug\halcon_s.cf7ceb5e.tlog\cl.read.1.tlog
c:\users\young\desktop\source\halcon_extension\halcon_softwarepackage\build\halcon_softwarepackage.dir\debug\halcon_s.cf7ceb5e.tlog\cl.write.1.tlog
c:\users\young\desktop\source\halcon_extension\halcon_softwarepackage\build\halcon_softwarepackage.dir\debug\halcon_s.cf7ceb5e.tlog\custombuild.command.1.tlog
c:\users\young\desktop\source\halcon_extension\halcon_softwarepackage\build\halcon_softwarepackage.dir\debug\halcon_s.cf7ceb5e.tlog\custombuild.read.1.tlog
c:\users\young\desktop\source\halcon_extension\halcon_softwarepackage\build\halcon_softwarepackage.dir\debug\halcon_s.cf7ceb5e.tlog\custombuild.write.1.tlog
c:\users\young\desktop\source\halcon_extension\halcon_softwarepackage\build\halcon_softwarepackage.dir\debug\halcon_s.cf7ceb5e.tlog\link.18452-cvtres.read.1.tlog
c:\users\young\desktop\source\halcon_extension\halcon_softwarepackage\build\halcon_softwarepackage.dir\debug\halcon_s.cf7ceb5e.tlog\link.18452-cvtres.write.1.tlog
c:\users\young\desktop\source\halcon_extension\halcon_softwarepackage\build\halcon_softwarepackage.dir\debug\halcon_s.cf7ceb5e.tlog\link.18452-rc.read.1.tlog
c:\users\young\desktop\source\halcon_extension\halcon_softwarepackage\build\halcon_softwarepackage.dir\debug\halcon_s.cf7ceb5e.tlog\link.18452-rc.write.1.tlog
c:\users\young\desktop\source\halcon_extension\halcon_softwarepackage\build\halcon_softwarepackage.dir\debug\halcon_s.cf7ceb5e.tlog\link.18452.read.1.tlog
c:\users\young\desktop\source\halcon_extension\halcon_softwarepackage\build\halcon_softwarepackage.dir\debug\halcon_s.cf7ceb5e.tlog\link.18452.read.2.tlog
c:\users\young\desktop\source\halcon_extension\halcon_softwarepackage\build\halcon_softwarepackage.dir\debug\halcon_s.cf7ceb5e.tlog\link.18452.read.3.tlog
c:\users\young\desktop\source\halcon_extension\halcon_softwarepackage\build\halcon_softwarepackage.dir\debug\halcon_s.cf7ceb5e.tlog\link.18452.read.4.tlog
c:\users\young\desktop\source\halcon_extension\halcon_softwarepackage\build\halcon_softwarepackage.dir\debug\halcon_s.cf7ceb5e.tlog\link.18452.write.1.tlog
c:\users\young\desktop\source\halcon_extension\halcon_softwarepackage\build\halcon_softwarepackage.dir\debug\halcon_s.cf7ceb5e.tlog\link.command.1.tlog
c:\users\young\desktop\source\halcon_extension\halcon_softwarepackage\build\halcon_softwarepackage.dir\debug\halcon_s.cf7ceb5e.tlog\link.read.1.tlog
c:\users\young\desktop\source\halcon_extension\halcon_softwarepackage\build\halcon_softwarepackage.dir\debug\halcon_s.cf7ceb5e.tlog\link.secondary.1.tlog
c:\users\young\desktop\source\halcon_extension\halcon_softwarepackage\build\halcon_softwarepackage.dir\debug\halcon_s.cf7ceb5e.tlog\link.write.1.tlog
