msg:userextensions:UserExtensions:
handle,address,num,bits:userextensions:UserExtensions:
handle,address,bit_depth,value:userextensions:UserExtensions:
handle,address,value,bit_depth:userextensions:UserExtensions:
handle,address,encodingType,value:userextensions:UserExtensions:
handle,address,value,encodingType:userextensions:UserExtensions:
handle,address,num,registers:userextensions:UserExtensions:
handle,address,registersvalues:userextensions:UserExtensions:
handle,address,Bitvalues:userextensions:UserExtensions:
handle,address,Bitvalues:userextensions:UserExtensions:
handle,address,value:userextensions:UserExtensions:
handle,address,num,bits:userextensions:UserExtensions:
handle,slave_id:userextensions:UserExtensions:
handle:userextensions:UserExtensions:
ip,port,handle:userextensions:UserExtensions:
port,baud,parity,data_bits,stop_bits,RS233orRS485,handle:userextensions:UserExtensions:
outimage,msg:userextensions:UserExtensions:
outimage,msg:userextensions:UserExtensions:
DbNumber,zFilename,isSave:userextensions:UserExtensions:
DbNumber,sql,errmsg:userextensions:UserExtensions:
DbNumber,sql,table_names,X,Y,errmsg:userextensions:UserExtensions:
DbNumber:userextensions:UserExtensions:
filename,DbNumber:userextensions:UserExtensions:
