c:\users\young\desktop\source\halcon_extension\halcon_softwarepackage\build\halcon_softwarepackagecppint.dir\debug\vc143.pdb
c:\users\young\desktop\source\halcon_extension\halcon_softwarepackage\build\halcon_softwarepackagecppint.dir\debug\hcpphalcon_softwarepackage.obj
c:\users\young\desktop\source\halcon_extension\halcon_softwarepackage\build\hcpphalcon_softwarepackage.cpp
c:\users\young\desktop\source\halcon_extension\halcon_softwarepackage\build\hcpphalcon_softwarepackage.h
c:\users\young\desktop\source\halcon_extension\halcon_softwarepackage\build\cmakefiles\generate.stamp
c:\users\young\desktop\source\halcon_extension\halcon_softwarepackage\bin\halcon_softwarepackagecpp.dll
c:\users\young\desktop\source\halcon_extension\halcon_softwarepackage\bin\halcon_softwarepackagecpp.pdb
c:\users\young\desktop\source\halcon_extension\halcon_softwarepackage\bin\halcon_softwarepackagecpp.lib
c:\users\young\desktop\source\halcon_extension\halcon_softwarepackage\bin\halcon_softwarepackagecpp.exp
c:\users\young\desktop\source\halcon_extension\halcon_softwarepackage\build\halcon_softwarepackagecppint.dir\debug\halcon_softwarepackagecpp.ilk
c:\users\young\desktop\source\halcon_extension\halcon_softwarepackage\build\halcon_softwarepackagecppint.dir\debug\halcon_s.092208b4.tlog\cl.command.1.tlog
c:\users\young\desktop\source\halcon_extension\halcon_softwarepackage\build\halcon_softwarepackagecppint.dir\debug\halcon_s.092208b4.tlog\cl.items.tlog
c:\users\young\desktop\source\halcon_extension\halcon_softwarepackage\build\halcon_softwarepackagecppint.dir\debug\halcon_s.092208b4.tlog\cl.read.1.tlog
c:\users\young\desktop\source\halcon_extension\halcon_softwarepackage\build\halcon_softwarepackagecppint.dir\debug\halcon_s.092208b4.tlog\cl.write.1.tlog
c:\users\young\desktop\source\halcon_extension\halcon_softwarepackage\build\halcon_softwarepackagecppint.dir\debug\halcon_s.092208b4.tlog\custombuild.command.1.tlog
c:\users\young\desktop\source\halcon_extension\halcon_softwarepackage\build\halcon_softwarepackagecppint.dir\debug\halcon_s.092208b4.tlog\custombuild.read.1.tlog
c:\users\young\desktop\source\halcon_extension\halcon_softwarepackage\build\halcon_softwarepackagecppint.dir\debug\halcon_s.092208b4.tlog\custombuild.write.1.tlog
c:\users\young\desktop\source\halcon_extension\halcon_softwarepackage\build\halcon_softwarepackagecppint.dir\debug\halcon_s.092208b4.tlog\link.command.1.tlog
c:\users\young\desktop\source\halcon_extension\halcon_softwarepackage\build\halcon_softwarepackagecppint.dir\debug\halcon_s.092208b4.tlog\link.read.1.tlog
c:\users\young\desktop\source\halcon_extension\halcon_softwarepackage\build\halcon_softwarepackagecppint.dir\debug\halcon_s.092208b4.tlog\link.secondary.1.tlog
c:\users\young\desktop\source\halcon_extension\halcon_softwarepackage\build\halcon_softwarepackagecppint.dir\debug\halcon_s.092208b4.tlog\link.write.1.tlog
