c:\users\young\desktop\source\halcon_extension\halcon_softwarepackage\build\halcon_softwarepackagecint.dir\debug\vc143.pdb
c:\users\young\desktop\source\halcon_extension\halcon_softwarepackage\build\halcon_softwarepackagecint.dir\debug\hchalcon_softwarepackage.obj
c:\users\young\desktop\source\halcon_extension\halcon_softwarepackage\build\hchalcon_softwarepackage.c
c:\users\young\desktop\source\halcon_extension\halcon_softwarepackage\build\hchalcon_softwarepackage.h
c:\users\young\desktop\source\halcon_extension\halcon_softwarepackage\build\cmakefiles\generate.stamp
c:\users\young\desktop\source\halcon_extension\halcon_softwarepackage\bin\halcon_softwarepackagec.dll
c:\users\young\desktop\source\halcon_extension\halcon_softwarepackage\bin\halcon_softwarepackagec.pdb
c:\users\young\desktop\source\halcon_extension\halcon_softwarepackage\bin\halcon_softwarepackagec.lib
c:\users\young\desktop\source\halcon_extension\halcon_softwarepackage\bin\halcon_softwarepackagec.exp
c:\users\young\desktop\source\halcon_extension\halcon_softwarepackage\build\halcon_softwarepackagecint.dir\debug\halcon_softwarepackagec.ilk
c:\users\young\desktop\source\halcon_extension\halcon_softwarepackage\build\halcon_softwarepackagecint.dir\debug\halcon_s.a705f384.tlog\cl.command.1.tlog
c:\users\young\desktop\source\halcon_extension\halcon_softwarepackage\build\halcon_softwarepackagecint.dir\debug\halcon_s.a705f384.tlog\cl.items.tlog
c:\users\young\desktop\source\halcon_extension\halcon_softwarepackage\build\halcon_softwarepackagecint.dir\debug\halcon_s.a705f384.tlog\cl.read.1.tlog
c:\users\young\desktop\source\halcon_extension\halcon_softwarepackage\build\halcon_softwarepackagecint.dir\debug\halcon_s.a705f384.tlog\cl.write.1.tlog
c:\users\young\desktop\source\halcon_extension\halcon_softwarepackage\build\halcon_softwarepackagecint.dir\debug\halcon_s.a705f384.tlog\custombuild.command.1.tlog
c:\users\young\desktop\source\halcon_extension\halcon_softwarepackage\build\halcon_softwarepackagecint.dir\debug\halcon_s.a705f384.tlog\custombuild.read.1.tlog
c:\users\young\desktop\source\halcon_extension\halcon_softwarepackage\build\halcon_softwarepackagecint.dir\debug\halcon_s.a705f384.tlog\custombuild.write.1.tlog
c:\users\young\desktop\source\halcon_extension\halcon_softwarepackage\build\halcon_softwarepackagecint.dir\debug\halcon_s.a705f384.tlog\link.command.1.tlog
c:\users\young\desktop\source\halcon_extension\halcon_softwarepackage\build\halcon_softwarepackagecint.dir\debug\halcon_s.a705f384.tlog\link.read.1.tlog
c:\users\young\desktop\source\halcon_extension\halcon_softwarepackage\build\halcon_softwarepackagecint.dir\debug\halcon_s.a705f384.tlog\link.secondary.1.tlog
c:\users\young\desktop\source\halcon_extension\halcon_softwarepackage\build\halcon_softwarepackagecint.dir\debug\halcon_s.a705f384.tlog\link.write.1.tlog
